{"/Users/erick/Documents/BYUI/CSE 341/team-project/app.js": {"path":"/Users/erick/Documents/BYUI/CSE 341/team-project/app.js","statementMap":{"0":{"start":{"line":1,"column":16},"end":{"line":1,"column":34}},"1":{"start":{"line":2,"column":19},"end":{"line":2,"column":41}},"2":{"start":{"line":3,"column":16},"end":{"line":3,"column":39}},"3":{"start":{"line":5,"column":13},"end":{"line":5,"column":37}},"4":{"start":{"line":6,"column":12},"end":{"line":6,"column":21}},"5":{"start":{"line":9,"column":16},"end":{"line":9,"column":42}},"6":{"start":{"line":10,"column":17},"end":{"line":10,"column":36}},"7":{"start":{"line":11,"column":23},"end":{"line":11,"column":67}},"8":{"start":{"line":12,"column":17},"end":{"line":12,"column":52}},"9":{"start":{"line":14,"column":0},"end":{"line":32,"column":33}},"10":{"start":{"line":29,"column":4},"end":{"line":29,"column":54}},"11":{"start":{"line":30,"column":4},"end":{"line":30,"column":11}},"12":{"start":{"line":34,"column":0},"end":{"line":45,"column":2}},"13":{"start":{"line":42,"column":6},"end":{"line":42,"column":33}},"14":{"start":{"line":47,"column":0},"end":{"line":49,"column":3}},"15":{"start":{"line":48,"column":2},"end":{"line":48,"column":19}},"16":{"start":{"line":50,"column":0},"end":{"line":52,"column":3}},"17":{"start":{"line":51,"column":2},"end":{"line":51,"column":19}},"18":{"start":{"line":54,"column":0},"end":{"line":60,"column":3}},"19":{"start":{"line":55,"column":2},"end":{"line":59,"column":4}},"20":{"start":{"line":62,"column":0},"end":{"line":69,"column":2}},"21":{"start":{"line":71,"column":0},"end":{"line":76,"column":3}},"22":{"start":{"line":72,"column":2},"end":{"line":75,"column":4}},"23":{"start":{"line":78,"column":0},"end":{"line":85,"column":3}},"24":{"start":{"line":79,"column":2},"end":{"line":84,"column":3}},"25":{"start":{"line":80,"column":4},"end":{"line":80,"column":21}},"26":{"start":{"line":82,"column":4},"end":{"line":82,"column":21}},"27":{"start":{"line":83,"column":4},"end":{"line":83,"column":60}},"28":{"start":{"line":87,"column":0},"end":{"line":87,"column":21}}},"fnMap":{"0":{"name":"(anonymous_0)","decl":{"start":{"line":28,"column":7},"end":{"line":28,"column":8}},"loc":{"start":{"line":28,"column":27},"end":{"line":31,"column":3}},"line":28},"1":{"name":"(anonymous_1)","decl":{"start":{"line":41,"column":4},"end":{"line":41,"column":5}},"loc":{"start":{"line":41,"column":56},"end":{"line":43,"column":5}},"line":41},"2":{"name":"(anonymous_2)","decl":{"start":{"line":47,"column":23},"end":{"line":47,"column":24}},"loc":{"start":{"line":47,"column":39},"end":{"line":49,"column":1}},"line":47},"3":{"name":"(anonymous_3)","decl":{"start":{"line":50,"column":25},"end":{"line":50,"column":26}},"loc":{"start":{"line":50,"column":41},"end":{"line":52,"column":1}},"line":50},"4":{"name":"(anonymous_4)","decl":{"start":{"line":54,"column":26},"end":{"line":54,"column":27}},"loc":{"start":{"line":54,"column":40},"end":{"line":60,"column":1}},"line":54},"5":{"name":"(anonymous_5)","decl":{"start":{"line":71,"column":32},"end":{"line":71,"column":33}},"loc":{"start":{"line":71,"column":49},"end":{"line":76,"column":1}},"line":71},"6":{"name":"(anonymous_6)","decl":{"start":{"line":78,"column":15},"end":{"line":78,"column":16}},"loc":{"start":{"line":78,"column":24},"end":{"line":85,"column":1}},"line":78}},"branchMap":{"0":{"loc":{"start":{"line":5,"column":13},"end":{"line":5,"column":37}},"type":"binary-expr","locations":[{"start":{"line":5,"column":13},"end":{"line":5,"column":29}},{"start":{"line":5,"column":33},"end":{"line":5,"column":37}}],"line":5},"1":{"loc":{"start":{"line":56,"column":4},"end":{"line":58,"column":20}},"type":"cond-expr","locations":[{"start":{"line":57,"column":8},"end":{"line":57,"column":54}},{"start":{"line":58,"column":8},"end":{"line":58,"column":20}}],"line":56},"2":{"loc":{"start":{"line":79,"column":2},"end":{"line":84,"column":3}},"type":"if","locations":[{"start":{"line":79,"column":2},"end":{"line":84,"column":3}},{"start":{"line":81,"column":9},"end":{"line":84,"column":3}}],"line":79}},"s":{"0":1,"1":1,"2":1,"3":1,"4":1,"5":1,"6":1,"7":1,"8":1,"9":1,"10":4,"11":4,"12":1,"13":0,"14":1,"15":0,"16":1,"17":0,"18":1,"19":0,"20":1,"21":1,"22":0,"23":1,"24":1,"25":0,"26":1,"27":1,"28":1},"f":{"0":4,"1":0,"2":0,"3":0,"4":0,"5":0,"6":1},"b":{"0":[1,1],"1":[0,0],"2":[0,1]},"_coverageSchema":"1a1c01bbd47fc00a2c39e90264f33305004495a9","hash":"96ed4b7be5515f56c3d4626084f4e104d42a0f3e"}
,"/Users/erick/Documents/BYUI/CSE 341/team-project/controllers/orders.js": {"path":"/Users/erick/Documents/BYUI/CSE 341/team-project/controllers/orders.js","statementMap":{"0":{"start":{"line":1,"column":16},"end":{"line":1,"column":40}},"1":{"start":{"line":2,"column":17},"end":{"line":2,"column":44}},"2":{"start":{"line":4,"column":15},"end":{"line":14,"column":1}},"3":{"start":{"line":5,"column":2},"end":{"line":13,"column":3}},"4":{"start":{"line":6,"column":19},"end":{"line":6,"column":73}},"5":{"start":{"line":7,"column":4},"end":{"line":10,"column":7}},"6":{"start":{"line":8,"column":6},"end":{"line":8,"column":56}},"7":{"start":{"line":9,"column":6},"end":{"line":9,"column":34}},"8":{"start":{"line":12,"column":4},"end":{"line":12,"column":57}},"9":{"start":{"line":16,"column":18},"end":{"line":34,"column":1}},"10":{"start":{"line":17,"column":2},"end":{"line":33,"column":3}},"11":{"start":{"line":18,"column":4},"end":{"line":20,"column":5}},"12":{"start":{"line":19,"column":6},"end":{"line":19,"column":57}},"13":{"start":{"line":21,"column":19},"end":{"line":21,"column":46}},"14":{"start":{"line":22,"column":19},"end":{"line":26,"column":28}},"15":{"start":{"line":27,"column":4},"end":{"line":30,"column":7}},"16":{"start":{"line":28,"column":6},"end":{"line":28,"column":56}},"17":{"start":{"line":29,"column":6},"end":{"line":29,"column":37}},"18":{"start":{"line":32,"column":4},"end":{"line":32,"column":57}},"19":{"start":{"line":36,"column":20},"end":{"line":60,"column":1}},"20":{"start":{"line":37,"column":16},"end":{"line":45,"column":3}},"21":{"start":{"line":46,"column":19},"end":{"line":50,"column":21}},"22":{"start":{"line":51,"column":2},"end":{"line":59,"column":3}},"23":{"start":{"line":52,"column":4},"end":{"line":52,"column":35}},"24":{"start":{"line":54,"column":4},"end":{"line":58,"column":8}},"25":{"start":{"line":62,"column":20},"end":{"line":90,"column":1}},"26":{"start":{"line":63,"column":17},"end":{"line":63,"column":44}},"27":{"start":{"line":65,"column":16},"end":{"line":73,"column":3}},"28":{"start":{"line":75,"column":19},"end":{"line":79,"column":39}},"29":{"start":{"line":80,"column":2},"end":{"line":80,"column":24}},"30":{"start":{"line":81,"column":2},"end":{"line":89,"column":3}},"31":{"start":{"line":82,"column":4},"end":{"line":82,"column":27}},"32":{"start":{"line":84,"column":4},"end":{"line":88,"column":8}},"33":{"start":{"line":92,"column":20},"end":{"line":112,"column":1}},"34":{"start":{"line":93,"column":2},"end":{"line":95,"column":3}},"35":{"start":{"line":94,"column":4},"end":{"line":94,"column":55}},"36":{"start":{"line":96,"column":18},"end":{"line":96,"column":45}},"37":{"start":{"line":97,"column":19},"end":{"line":101,"column":38}},"38":{"start":{"line":102,"column":2},"end":{"line":102,"column":24}},"39":{"start":{"line":103,"column":2},"end":{"line":111,"column":3}},"40":{"start":{"line":104,"column":4},"end":{"line":104,"column":27}},"41":{"start":{"line":106,"column":4},"end":{"line":110,"column":8}},"42":{"start":{"line":114,"column":0},"end":{"line":120,"column":2}}},"fnMap":{"0":{"name":"(anonymous_0)","decl":{"start":{"line":4,"column":15},"end":{"line":4,"column":16}},"loc":{"start":{"line":4,"column":41},"end":{"line":14,"column":1}},"line":4},"1":{"name":"(anonymous_1)","decl":{"start":{"line":7,"column":26},"end":{"line":7,"column":27}},"loc":{"start":{"line":7,"column":37},"end":{"line":10,"column":5}},"line":7},"2":{"name":"(anonymous_2)","decl":{"start":{"line":16,"column":18},"end":{"line":16,"column":19}},"loc":{"start":{"line":16,"column":44},"end":{"line":34,"column":1}},"line":16},"3":{"name":"(anonymous_3)","decl":{"start":{"line":27,"column":26},"end":{"line":27,"column":27}},"loc":{"start":{"line":27,"column":37},"end":{"line":30,"column":5}},"line":27},"4":{"name":"(anonymous_4)","decl":{"start":{"line":36,"column":20},"end":{"line":36,"column":21}},"loc":{"start":{"line":36,"column":46},"end":{"line":60,"column":1}},"line":36},"5":{"name":"(anonymous_5)","decl":{"start":{"line":62,"column":20},"end":{"line":62,"column":21}},"loc":{"start":{"line":62,"column":40},"end":{"line":90,"column":1}},"line":62},"6":{"name":"(anonymous_6)","decl":{"start":{"line":92,"column":20},"end":{"line":92,"column":21}},"loc":{"start":{"line":92,"column":40},"end":{"line":112,"column":1}},"line":92}},"branchMap":{"0":{"loc":{"start":{"line":12,"column":25},"end":{"line":12,"column":55}},"type":"binary-expr","locations":[{"start":{"line":12,"column":25},"end":{"line":12,"column":30}},{"start":{"line":12,"column":34},"end":{"line":12,"column":55}}],"line":12},"1":{"loc":{"start":{"line":18,"column":4},"end":{"line":20,"column":5}},"type":"if","locations":[{"start":{"line":18,"column":4},"end":{"line":20,"column":5}},{"start":{},"end":{}}],"line":18},"2":{"loc":{"start":{"line":32,"column":25},"end":{"line":32,"column":55}},"type":"binary-expr","locations":[{"start":{"line":32,"column":25},"end":{"line":32,"column":30}},{"start":{"line":32,"column":34},"end":{"line":32,"column":55}}],"line":32},"3":{"loc":{"start":{"line":51,"column":2},"end":{"line":59,"column":3}},"type":"if","locations":[{"start":{"line":51,"column":2},"end":{"line":59,"column":3}},{"start":{"line":53,"column":9},"end":{"line":59,"column":3}}],"line":51},"4":{"loc":{"start":{"line":57,"column":8},"end":{"line":57,"column":73}},"type":"binary-expr","locations":[{"start":{"line":57,"column":8},"end":{"line":57,"column":22}},{"start":{"line":57,"column":26},"end":{"line":57,"column":73}}],"line":57},"5":{"loc":{"start":{"line":81,"column":2},"end":{"line":89,"column":3}},"type":"if","locations":[{"start":{"line":81,"column":2},"end":{"line":89,"column":3}},{"start":{"line":83,"column":9},"end":{"line":89,"column":3}}],"line":81},"6":{"loc":{"start":{"line":87,"column":8},"end":{"line":87,"column":73}},"type":"binary-expr","locations":[{"start":{"line":87,"column":8},"end":{"line":87,"column":22}},{"start":{"line":87,"column":26},"end":{"line":87,"column":73}}],"line":87},"7":{"loc":{"start":{"line":93,"column":2},"end":{"line":95,"column":3}},"type":"if","locations":[{"start":{"line":93,"column":2},"end":{"line":95,"column":3}},{"start":{},"end":{}}],"line":93},"8":{"loc":{"start":{"line":103,"column":2},"end":{"line":111,"column":3}},"type":"if","locations":[{"start":{"line":103,"column":2},"end":{"line":111,"column":3}},{"start":{"line":105,"column":9},"end":{"line":111,"column":3}}],"line":103},"9":{"loc":{"start":{"line":109,"column":8},"end":{"line":109,"column":73}},"type":"binary-expr","locations":[{"start":{"line":109,"column":8},"end":{"line":109,"column":22}},{"start":{"line":109,"column":26},"end":{"line":109,"column":73}}],"line":109}},"s":{"0":1,"1":1,"2":1,"3":1,"4":1,"5":1,"6":1,"7":1,"8":0,"9":1,"10":0,"11":0,"12":0,"13":0,"14":0,"15":0,"16":0,"17":0,"18":0,"19":1,"20":0,"21":0,"22":0,"23":0,"24":0,"25":1,"26":0,"27":0,"28":0,"29":0,"30":0,"31":0,"32":0,"33":1,"34":0,"35":0,"36":0,"37":0,"38":0,"39":0,"40":0,"41":0,"42":1},"f":{"0":1,"1":1,"2":0,"3":0,"4":0,"5":0,"6":0},"b":{"0":[0,0],"1":[0,0],"2":[0,0],"3":[0,0],"4":[0,0],"5":[0,0],"6":[0,0],"7":[0,0],"8":[0,0],"9":[0,0]},"_coverageSchema":"1a1c01bbd47fc00a2c39e90264f33305004495a9","hash":"0d476b78ca328e0615f1ed5f10780cd4296360de"}
,"/Users/erick/Documents/BYUI/CSE 341/team-project/controllers/users.js": {"path":"/Users/erick/Documents/BYUI/CSE 341/team-project/controllers/users.js","statementMap":{"0":{"start":{"line":1,"column":16},"end":{"line":1,"column":40}},"1":{"start":{"line":2,"column":17},"end":{"line":2,"column":44}},"2":{"start":{"line":4,"column":15},"end":{"line":14,"column":1}},"3":{"start":{"line":5,"column":2},"end":{"line":13,"column":3}},"4":{"start":{"line":6,"column":19},"end":{"line":6,"column":72}},"5":{"start":{"line":7,"column":4},"end":{"line":10,"column":7}},"6":{"start":{"line":8,"column":6},"end":{"line":8,"column":56}},"7":{"start":{"line":9,"column":6},"end":{"line":9,"column":34}},"8":{"start":{"line":12,"column":4},"end":{"line":12,"column":57}},"9":{"start":{"line":16,"column":18},"end":{"line":34,"column":1}},"10":{"start":{"line":17,"column":2},"end":{"line":33,"column":3}},"11":{"start":{"line":18,"column":4},"end":{"line":20,"column":5}},"12":{"start":{"line":19,"column":6},"end":{"line":19,"column":54}},"13":{"start":{"line":21,"column":19},"end":{"line":21,"column":46}},"14":{"start":{"line":22,"column":19},"end":{"line":26,"column":28}},"15":{"start":{"line":27,"column":4},"end":{"line":30,"column":7}},"16":{"start":{"line":28,"column":6},"end":{"line":28,"column":56}},"17":{"start":{"line":29,"column":6},"end":{"line":29,"column":37}},"18":{"start":{"line":32,"column":4},"end":{"line":32,"column":57}},"19":{"start":{"line":36,"column":19},"end":{"line":60,"column":1}},"20":{"start":{"line":37,"column":15},"end":{"line":45,"column":3}},"21":{"start":{"line":46,"column":19},"end":{"line":50,"column":20}},"22":{"start":{"line":51,"column":2},"end":{"line":59,"column":3}},"23":{"start":{"line":52,"column":4},"end":{"line":52,"column":35}},"24":{"start":{"line":54,"column":4},"end":{"line":58,"column":8}},"25":{"start":{"line":62,"column":19},"end":{"line":89,"column":1}},"26":{"start":{"line":63,"column":17},"end":{"line":63,"column":44}},"27":{"start":{"line":65,"column":15},"end":{"line":73,"column":3}},"28":{"start":{"line":74,"column":19},"end":{"line":78,"column":38}},"29":{"start":{"line":80,"column":2},"end":{"line":88,"column":3}},"30":{"start":{"line":81,"column":4},"end":{"line":81,"column":27}},"31":{"start":{"line":83,"column":4},"end":{"line":87,"column":8}},"32":{"start":{"line":91,"column":19},"end":{"line":111,"column":1}},"33":{"start":{"line":92,"column":2},"end":{"line":94,"column":3}},"34":{"start":{"line":93,"column":4},"end":{"line":93,"column":47}},"35":{"start":{"line":95,"column":17},"end":{"line":95,"column":44}},"36":{"start":{"line":96,"column":19},"end":{"line":100,"column":37}},"37":{"start":{"line":102,"column":2},"end":{"line":110,"column":3}},"38":{"start":{"line":103,"column":4},"end":{"line":103,"column":27}},"39":{"start":{"line":105,"column":4},"end":{"line":109,"column":8}},"40":{"start":{"line":113,"column":0},"end":{"line":119,"column":2}}},"fnMap":{"0":{"name":"(anonymous_0)","decl":{"start":{"line":4,"column":15},"end":{"line":4,"column":16}},"loc":{"start":{"line":4,"column":41},"end":{"line":14,"column":1}},"line":4},"1":{"name":"(anonymous_1)","decl":{"start":{"line":7,"column":26},"end":{"line":7,"column":27}},"loc":{"start":{"line":7,"column":37},"end":{"line":10,"column":5}},"line":7},"2":{"name":"(anonymous_2)","decl":{"start":{"line":16,"column":18},"end":{"line":16,"column":19}},"loc":{"start":{"line":16,"column":44},"end":{"line":34,"column":1}},"line":16},"3":{"name":"(anonymous_3)","decl":{"start":{"line":27,"column":26},"end":{"line":27,"column":27}},"loc":{"start":{"line":27,"column":37},"end":{"line":30,"column":5}},"line":27},"4":{"name":"(anonymous_4)","decl":{"start":{"line":36,"column":19},"end":{"line":36,"column":20}},"loc":{"start":{"line":36,"column":45},"end":{"line":60,"column":1}},"line":36},"5":{"name":"(anonymous_5)","decl":{"start":{"line":62,"column":19},"end":{"line":62,"column":20}},"loc":{"start":{"line":62,"column":39},"end":{"line":89,"column":1}},"line":62},"6":{"name":"(anonymous_6)","decl":{"start":{"line":91,"column":19},"end":{"line":91,"column":20}},"loc":{"start":{"line":91,"column":39},"end":{"line":111,"column":1}},"line":91}},"branchMap":{"0":{"loc":{"start":{"line":12,"column":25},"end":{"line":12,"column":55}},"type":"binary-expr","locations":[{"start":{"line":12,"column":25},"end":{"line":12,"column":30}},{"start":{"line":12,"column":34},"end":{"line":12,"column":55}}],"line":12},"1":{"loc":{"start":{"line":18,"column":4},"end":{"line":20,"column":5}},"type":"if","locations":[{"start":{"line":18,"column":4},"end":{"line":20,"column":5}},{"start":{},"end":{}}],"line":18},"2":{"loc":{"start":{"line":32,"column":25},"end":{"line":32,"column":55}},"type":"binary-expr","locations":[{"start":{"line":32,"column":25},"end":{"line":32,"column":30}},{"start":{"line":32,"column":34},"end":{"line":32,"column":55}}],"line":32},"3":{"loc":{"start":{"line":51,"column":2},"end":{"line":59,"column":3}},"type":"if","locations":[{"start":{"line":51,"column":2},"end":{"line":59,"column":3}},{"start":{"line":53,"column":9},"end":{"line":59,"column":3}}],"line":51},"4":{"loc":{"start":{"line":57,"column":8},"end":{"line":57,"column":72}},"type":"binary-expr","locations":[{"start":{"line":57,"column":8},"end":{"line":57,"column":22}},{"start":{"line":57,"column":26},"end":{"line":57,"column":72}}],"line":57},"5":{"loc":{"start":{"line":80,"column":2},"end":{"line":88,"column":3}},"type":"if","locations":[{"start":{"line":80,"column":2},"end":{"line":88,"column":3}},{"start":{"line":82,"column":9},"end":{"line":88,"column":3}}],"line":80},"6":{"loc":{"start":{"line":86,"column":8},"end":{"line":86,"column":72}},"type":"binary-expr","locations":[{"start":{"line":86,"column":8},"end":{"line":86,"column":22}},{"start":{"line":86,"column":26},"end":{"line":86,"column":72}}],"line":86},"7":{"loc":{"start":{"line":92,"column":2},"end":{"line":94,"column":3}},"type":"if","locations":[{"start":{"line":92,"column":2},"end":{"line":94,"column":3}},{"start":{},"end":{}}],"line":92},"8":{"loc":{"start":{"line":102,"column":2},"end":{"line":110,"column":3}},"type":"if","locations":[{"start":{"line":102,"column":2},"end":{"line":110,"column":3}},{"start":{"line":104,"column":9},"end":{"line":110,"column":3}}],"line":102},"9":{"loc":{"start":{"line":108,"column":8},"end":{"line":108,"column":72}},"type":"binary-expr","locations":[{"start":{"line":108,"column":8},"end":{"line":108,"column":22}},{"start":{"line":108,"column":26},"end":{"line":108,"column":72}}],"line":108}},"s":{"0":1,"1":1,"2":1,"3":1,"4":1,"5":1,"6":1,"7":1,"8":0,"9":1,"10":0,"11":0,"12":0,"13":0,"14":0,"15":0,"16":0,"17":0,"18":0,"19":1,"20":0,"21":0,"22":0,"23":0,"24":0,"25":1,"26":0,"27":0,"28":0,"29":0,"30":0,"31":0,"32":1,"33":0,"34":0,"35":0,"36":0,"37":0,"38":0,"39":0,"40":1},"f":{"0":1,"1":1,"2":0,"3":0,"4":0,"5":0,"6":0},"b":{"0":[0,0],"1":[0,0],"2":[0,0],"3":[0,0],"4":[0,0],"5":[0,0],"6":[0,0],"7":[0,0],"8":[0,0],"9":[0,0]},"_coverageSchema":"1a1c01bbd47fc00a2c39e90264f33305004495a9","hash":"40fd6bc8e7f182aceadb85c2d5b6a9f82d2e0ad8"}
}
