TN:
SF:app.js
FN:28,(anonymous_0)
FN:41,(anonymous_1)
FN:47,(anonymous_2)
FN:50,(anonymous_3)
FN:54,(anonymous_4)
FN:71,(anonymous_5)
FN:78,(anonymous_6)
FNF:7
FNH:2
FNDA:4,(anonymous_0)
FNDA:0,(anonymous_1)
FNDA:0,(anonymous_2)
FNDA:0,(anonymous_3)
FNDA:0,(anonymous_4)
FNDA:0,(anonymous_5)
FNDA:1,(anonymous_6)
DA:1,1
DA:2,1
DA:3,1
DA:5,1
DA:6,1
DA:9,1
DA:10,1
DA:11,1
DA:12,1
DA:14,1
DA:29,4
DA:30,4
DA:34,1
DA:42,0
DA:47,1
DA:48,0
DA:50,1
DA:51,0
DA:54,1
DA:55,0
DA:62,1
DA:71,1
DA:72,0
DA:78,1
DA:79,1
DA:80,0
DA:82,1
DA:83,1
DA:87,1
LF:29
LH:23
BRDA:5,0,0,1
BRDA:5,0,1,1
BRDA:56,1,0,0
BRDA:56,1,1,0
BRDA:79,2,0,0
BRDA:79,2,1,1
BRF:6
BRH:3
end_of_record
TN:
SF:controllers/menus.js
FN:4,(anonymous_0)
FN:7,(anonymous_1)
FN:16,(anonymous_2)
FN:27,(anonymous_3)
FN:36,(anonymous_4)
FN:60,(anonymous_5)
FN:87,(anonymous_6)
FNF:7
FNH:2
FNDA:1,(anonymous_0)
FNDA:1,(anonymous_1)
FNDA:0,(anonymous_2)
FNDA:0,(anonymous_3)
FNDA:0,(anonymous_4)
FNDA:0,(anonymous_5)
FNDA:0,(anonymous_6)
DA:1,1
DA:2,1
DA:4,1
DA:5,1
DA:6,1
DA:7,1
DA:8,1
DA:9,1
DA:12,0
DA:16,1
DA:17,0
DA:18,0
DA:19,0
DA:21,0
DA:22,0
DA:27,0
DA:28,0
DA:29,0
DA:32,0
DA:36,1
DA:37,0
DA:44,0
DA:49,0
DA:50,0
DA:52,0
DA:60,1
DA:61,0
DA:63,0
DA:70,0
DA:75,0
DA:76,0
DA:77,0
DA:79,0
DA:87,1
DA:88,0
DA:89,0
DA:91,0
DA:92,0
DA:97,0
DA:98,0
DA:99,0
DA:101,0
DA:109,1
LF:43
LH:13
BRDA:12,0,0,0
BRDA:12,0,1,0
BRDA:18,1,0,0
BRDA:18,1,1,0
BRDA:32,2,0,0
BRDA:32,2,1,0
BRDA:49,3,0,0
BRDA:49,3,1,0
BRDA:55,4,0,0
BRDA:55,4,1,0
BRDA:76,5,0,0
BRDA:76,5,1,0
BRDA:82,6,0,0
BRDA:82,6,1,0
BRDA:88,7,0,0
BRDA:88,7,1,0
BRDA:98,8,0,0
BRDA:98,8,1,0
BRDA:104,9,0,0
BRDA:104,9,1,0
BRF:20
BRH:0
end_of_record
TN:
SF:controllers/users.js
FN:4,(anonymous_0)
FN:7,(anonymous_1)
FN:16,(anonymous_2)
FN:27,(anonymous_3)
FN:36,(anonymous_4)
FN:62,(anonymous_5)
FN:91,(anonymous_6)
FNF:7
FNH:2
FNDA:1,(anonymous_0)
FNDA:1,(anonymous_1)
FNDA:0,(anonymous_2)
FNDA:0,(anonymous_3)
FNDA:0,(anonymous_4)
FNDA:0,(anonymous_5)
FNDA:0,(anonymous_6)
DA:1,1
DA:2,1
DA:4,1
DA:5,1
DA:6,1
DA:7,1
DA:8,1
DA:9,1
DA:12,0
DA:16,1
DA:17,0
DA:18,0
DA:19,0
DA:21,0
DA:22,0
DA:27,0
DA:28,0
DA:29,0
DA:32,0
DA:36,1
DA:37,0
DA:46,0
DA:51,0
DA:52,0
DA:54,0
DA:62,1
DA:63,0
DA:65,0
DA:74,0
DA:80,0
DA:81,0
DA:83,0
DA:91,1
DA:92,0
DA:93,0
DA:95,0
DA:96,0
DA:102,0
DA:103,0
DA:105,0
DA:113,1
LF:41
LH:13
BRDA:12,0,0,0
BRDA:12,0,1,0
BRDA:18,1,0,0
BRDA:18,1,1,0
BRDA:32,2,0,0
BRDA:32,2,1,0
BRDA:51,3,0,0
BRDA:51,3,1,0
BRDA:57,4,0,0
BRDA:57,4,1,0
BRDA:80,5,0,0
BRDA:80,5,1,0
BRDA:86,6,0,0
BRDA:86,6,1,0
BRDA:92,7,0,0
BRDA:92,7,1,0
BRDA:102,8,0,0
BRDA:102,8,1,0
BRDA:108,9,0,0
BRDA:108,9,1,0
BRF:20
BRH:0
end_of_record
TN:
SF:middleware/validate.js
FN:3,(anonymous_0)
FN:12,(anonymous_1)
FN:25,(anonymous_2)
FN:36,(anonymous_3)
FN:49,(anonymous_4)
FN:60,(anonymous_5)
FN:73,(anonymous_6)
FN:80,(anonymous_7)
FN:93,(anonymous_8)
FN:99,(anonymous_9)
FNF:10
FNH:0
FNDA:0,(anonymous_0)
FNDA:0,(anonymous_1)
FNDA:0,(anonymous_2)
FNDA:0,(anonymous_3)
FNDA:0,(anonymous_4)
FNDA:0,(anonymous_5)
FNDA:0,(anonymous_6)
FNDA:0,(anonymous_7)
FNDA:0,(anonymous_8)
FNDA:0,(anonymous_9)
DA:1,1
DA:3,1
DA:4,0
DA:12,0
DA:13,0
DA:14,0
DA:20,0
DA:25,1
DA:26,0
DA:36,0
DA:37,0
DA:38,0
DA:44,0
DA:49,1
DA:50,0
DA:60,0
DA:61,0
DA:62,0
DA:68,0
DA:73,1
DA:74,0
DA:80,0
DA:81,0
DA:82,0
DA:88,0
DA:93,1
DA:94,0
DA:99,0
DA:100,0
DA:101,0
DA:107,0
DA:112,1
LF:32
LH:7
BRDA:13,0,0,0
BRDA:13,0,1,0
BRDA:37,1,0,0
BRDA:37,1,1,0
BRDA:61,2,0,0
BRDA:61,2,1,0
BRDA:81,3,0,0
BRDA:81,3,1,0
BRDA:100,4,0,0
BRDA:100,4,1,0
BRF:10
BRH:0
end_of_record
